2022-11-14 09:15:11,526 - INFO read_data.py [line:23]: 加载 /Users/yoga/Desktop/练手/框架模板/framework/config/setting.json 文件......
2022-11-14 09:15:11,529 - INFO read_data.py [line:26]: 读到数据 ==>>  {'browser_type': 'chrome', 'host': 'https://passport.baidu.com/v2/?reg&tt=1668347090908&overseas=undefined&gid=5D882F4-5ABB-4058-8BD4-6E7CE0ECA9BC&tpl=mn&u=https%3A%2F%2Fwww.baidu.com%2F', 'username': 'yoga', 'pwd': 'yoga'} 
2022-11-14 09:15:11,529 - INFO test_signup.py [line:14]: class setup content
2022-11-14 09:15:11,530 - INFO test_signup.py [line:21]: function setup content
2022-11-14 09:15:14,181 - INFO driver.py [line:45]: 打开链接: https://passport.baidu.com/v2/?reg&tt=1668347090908&overseas=undefined&gid=5D882F4-5ABB-4058-8BD4-6E7CE0ECA9BC&tpl=mn&u=https%3A%2F%2Fwww.baidu.com%2F...
2022-11-14 09:15:14,181 - INFO driver.py [line:46]: WebDriver 初始化完成！
2022-11-14 09:15:14,181 - INFO signup_page.py [line:15]: 【===开始注册操作===】
2022-11-14 09:15:14,181 - INFO basepage.py [line:27]: 等待"等待用户名输入框"元素,定位方式:('id', 'TANGRAM__PSP_4__userNam')
2022-11-14 09:15:45,789 - ERROR basepage.py [line:34]: 等待"等待用户名输入框"元素失败,定位方式:('id', 'TANGRAM__PSP_4__userNam')
Traceback (most recent call last):
  File "/Users/yoga/Desktop/练手/框架模板/framework/common/basepage.py", line 30, in wait_eleVisible
    WebDriverWait(self.driver, timeout, poll_frequency).until(ec.visibility_of_element_located(loc))
  File "/Library/Frameworks/Python.framework/Versions/3.9/lib/python3.9/site-packages/selenium/webdriver/support/wait.py", line 90, in until
    raise TimeoutException(message, screen, stacktrace)
selenium.common.exceptions.TimeoutException: Message: 
Stacktrace:
0   chromedriver                        0x00000001030cef44 chromedriver + 3813188
1   chromedriver                        0x0000000103060ae0 chromedriver + 3361504
2   chromedriver                        0x0000000102d64c5c chromedriver + 232540
3   chromedriver                        0x0000000102d96380 chromedriver + 435072
4   chromedriver                        0x0000000102dc3f44 chromedriver + 622404
5   chromedriver                        0x0000000102d8b358 chromedriver + 389976
6   chromedriver                        0x0000000102d8c284 chromedriver + 393860
7   chromedriver                        0x00000001030a2e18 chromedriver + 3632664
8   chromedriver                        0x00000001030a697c chromedriver + 3647868
9   chromedriver                        0x00000001030acb58 chromedriver + 3672920
10  chromedriver                        0x00000001030a7350 chromedriver + 3650384
11  chromedriver                        0x00000001030848dc chromedriver + 3508444
12  chromedriver                        0x00000001030c1914 chromedriver + 3758356
13  chromedriver                        0x00000001030c1a78 chromedriver + 3758712
14  chromedriver                        0x00000001030d56cc chromedriver + 3839692
15  libsystem_pthread.dylib             0x000000019c2d206c _pthread_start + 148
16  libsystem_pthread.dylib             0x000000019c2cce2c thread_start + 8

2022-11-14 09:15:45,794 - INFO test_signup.py [line:26]: function teardown content
2022-11-14 09:15:45,881 - INFO test_signup.py [line:18]: Class teardown content
